<?xml version="1.0" encoding="UTF-8"?>
<testsuite xmlns:xsi="http://www.w3.org/2001/XMLSchema-instance" xsi:noNamespaceSchemaLocation="https://maven.apache.org/surefire/maven-surefire-plugin/xsd/surefire-test-report-3.0.xsd" version="3.0" name="edu.uob.ExampleSTAGTests" time="0.148" tests="15" errors="0" skipped="0" failures="0">
  <properties>
[...]
</properties>
  <testcase name="testInvalidPlayerNames" classname="edu.uob.ExampleSTAGTests" time="0.054">
    <system-out><![CDATA[5
You are in A log cabin in the woods. You can see:
Magic potion
A razor sharp axe
Wooden trapdoor
You can access from here:
forest
Players here:
okay-name

]]></system-out>
    <system-err><![CDATA[[Error] Invalid player name. Only letters, spaces, apostrophes and hyphens are allowed.[Error] Invalid player name. Only letters, spaces, apostrophes and hyphens are allowed.]]></system-err>
  </testcase>
  <testcase name="testExtraneousEntitiesInBuiltInCommand" classname="edu.uob.ExampleSTAGTests" time="0.007">
    <system-out><![CDATA[5
[Error] get command requires exactly one argument.]]></system-out>
  </testcase>
  <testcase name="testOpenTrapdoorWithKey" classname="edu.uob.ExampleSTAGTests" time="0.011">
    <system-out><![CDATA[5
You are in A dark forest. You can see:
Brass key
A big tree
You can access from here:
cabin
Players here:
simon

You are in A log cabin in the woods. You can see:
Magic potion
A razor sharp axe
Wooden trapdoor
You can access from here:
forest
Players here:
simon

You are in A log cabin in the woods. You can see:
Magic potion
A razor sharp axe
Wooden trapdoor
You can access from here:
forest
cellar
Players here:
simon

]]></system-out>
  </testcase>
  <testcase name="testGet" classname="edu.uob.ExampleSTAGTests" time="0.005">
    <system-out><![CDATA[5
You are in A log cabin in the woods. You can see:
A razor sharp axe
Wooden trapdoor
You can access from here:
forest
Players here:
simon

]]></system-out>
  </testcase>
  <testcase name="testGoto" classname="edu.uob.ExampleSTAGTests" time="0.007">
    <system-out><![CDATA[5
You are in A dark forest. You can see:
Brass key
A big tree
You can access from here:
cabin
Players here:
simon

You are in A dark forest. You can see:
Brass key
A big tree
You can access from here:
cabin
Players here:
simon

]]></system-out>
  </testcase>
  <testcase name="testLook" classname="edu.uob.ExampleSTAGTests" time="0.004">
    <system-out><![CDATA[5
You are in A log cabin in the woods. You can see:
Magic potion
A razor sharp axe
Wooden trapdoor
You can access from here:
forest
Players here:
simon

]]></system-out>
  </testcase>
  <testcase name="testChopTreeWithoutAxe" classname="edu.uob.ExampleSTAGTests" time="0.005">
    <system-out><![CDATA[5
You are in A dark forest. You can see:
Brass key
A big tree
You can access from here:
cabin
Players here:
simon

]]></system-out>
  </testcase>
  <testcase name="testMultiplePlayersSeparation" classname="edu.uob.ExampleSTAGTests" time="0.006">
    <system-out><![CDATA[5
]]></system-out>
  </testcase>
  <testcase name="testInvalidCommandHandling" classname="edu.uob.ExampleSTAGTests" time="0.005">
    <system-out><![CDATA[5
]]></system-out>
  </testcase>
  <testcase name="testChopTreeWithAxe" classname="edu.uob.ExampleSTAGTests" time="0.004">
    <system-out><![CDATA[5
You are in A dark forest. You can see:
Brass key
A big tree
You can access from here:
cabin
Players here:
simon

You are in A dark forest. You can see:
A heavy wooden log
Brass key
You can access from here:
cabin
Players here:
simon

]]></system-out>
  </testcase>
  <testcase name="testOtherPlayersVisibleInLocation" classname="edu.uob.ExampleSTAGTests" time="0.004">
    <system-out><![CDATA[5
You are in A log cabin in the woods. You can see:
Magic potion
A razor sharp axe
Wooden trapdoor
You can access from here:
forest
Players here:
alice

You are in A log cabin in the woods. You can see:
Magic potion
A razor sharp axe
Wooden trapdoor
You can access from here:
forest
Players here:
bob
alice

You are in A log cabin in the woods. You can see:
Magic potion
A razor sharp axe
Wooden trapdoor
You can access from here:
forest
Players here:
bob
alice

]]></system-out>
  </testcase>
  <testcase name="testOpenTrapdoorWithoutKey" classname="edu.uob.ExampleSTAGTests" time="0.004">
    <system-out><![CDATA[5
]]></system-out>
  </testcase>
  <testcase name="testLocationTransitions" classname="edu.uob.ExampleSTAGTests" time="0.006">
    <system-out><![CDATA[5
You are in A log cabin in the woods. You can see:
Magic potion
A razor sharp axe
Wooden trapdoor
You can access from here:
forest
Players here:
simon

You are in A dark forest. You can see:
Brass key
A big tree
You can access from here:
cabin
Players here:
simon

You are in A dark forest. You can see:
Brass key
A big tree
You can access from here:
cabin
Players here:
simon

You are in A log cabin in the woods. You can see:
Magic potion
A razor sharp axe
Wooden trapdoor
You can access from here:
forest
Players here:
simon

You are in A log cabin in the woods. You can see:
Magic potion
A razor sharp axe
Wooden trapdoor
You can access from here:
forest
Players here:
simon

]]></system-out>
    <system-err><![CDATA[[Error] don't have 'key' this artifact.
[Error] don't have access to this location 'cellar'.
]]></system-err>
  </testcase>
  <testcase name="testDropAxe" classname="edu.uob.ExampleSTAGTests" time="0.005">
    <system-out><![CDATA[5
You are in A log cabin in the woods. You can see:
Magic potion
A razor sharp axe
Wooden trapdoor
You can access from here:
forest
Players here:
simon

]]></system-out>
  </testcase>
  <testcase name="testInvalidPlayerName" classname="edu.uob.ExampleSTAGTests" time="0.004">
    <system-out><![CDATA[5
]]></system-out>
    <system-err><![CDATA[[Error] Invalid player name. Only letters, spaces, apostrophes and hyphens are allowed.]]></system-err>
  </testcase>
</testsuite>