<?xml version="1.0" encoding="UTF-8"?>
<testsuite xmlns:xsi="http://www.w3.org/2001/XMLSchema-instance" xsi:noNamespaceSchemaLocation="https://maven.apache.org/surefire/maven-surefire-plugin/xsd/surefire-test-report-3.0.xsd" version="3.0" name="edu.uob.EntitiesFileTests" time="0.018" tests="5" errors="0" skipped="0" failures="0">
  <properties>
[...]
</properties>
  <testcase name="testTotalNumberOfLocations" classname="edu.uob.EntitiesFileTests" time="0.003"/>
  <testcase name="testCabinHasPathToForest" classname="edu.uob.EntitiesFileTests" time="0.003"/>
  <testcase name="testCellarContainsElfCharacter" classname="edu.uob.EntitiesFileTests" time="0.002"/>
  <testcase name="testArtefactTypeMapping" classname="edu.uob.EntitiesFileTests" time="0.004"/>
  <testcase name="testBasicEntitiesFileIsReadable" classname="edu.uob.EntitiesFileTests" time="0.002"/>
</testsuite>